# JRE version: Java(TM) SE Runtime Environment (8.0_45-b14) (build 1.8.0_45-b14)
# Java VM: Java HotSpot(TM) 64-Bit Server VM (25.45-b02 mixed mode windows-amd64 compressed oops)
Heap:
 PSYoungGen      total 38400K, used 12964K [0x00000000f0000000, 0x00000000f4280000, 0x0000000100000000)
  eden space 33280K, 23% used [0x00000000f0000000,0x00000000f07aa0d0,0x00000000f2080000)
  from space 5120K, 99% used [0x00000000f2080000,0x00000000f257f268,0x00000000f2580000)
  to   space 7168K, 0% used [0x00000000f3b80000,0x00000000f3b80000,0x00000000f4280000)
 ParOldGen       total 55296K, used 9124K [0x00000000d0000000, 0x00000000d3600000, 0x00000000f0000000)
  object space 55296K, 16% used [0x00000000d0000000,0x00000000d08e9378,0x00000000d3600000)
 Metaspace       used 31823K, capacity 32166K, committed 32512K, reserved 1077248K
  class space    used 5416K, capacity 5532K, committed 5632K, reserved 1048576K
GC Heap History (10 events):
Event: 5.988 GC heap before
{Heap before GC invocations=2 (full 0):
 PSYoungGen      total 38400K, used 38371K [0x00000000f0000000, 0x00000000f2a80000, 0x0000000100000000)
  eden space 33280K, 100% used [0x00000000f0000000,0x00000000f2080000,0x00000000f2080000)
  from space 5120K, 99% used [0x00000000f2080000,0x00000000f2578ea0,0x00000000f2580000)
  to   space 5120K, 0% used [0x00000000f2580000,0x00000000f2580000,0x00000000f2a80000)
 ParOldGen       total 87552K, used 1672K [0x00000000d0000000, 0x00000000d5580000, 0x00000000f0000000)
  object space 87552K, 1% used [0x00000000d0000000,0x00000000d01a2048,0x00000000d5580000)
 Metaspace       used 16165K, capacity 16464K, committed 16640K, reserved 1062912K
  class space    used 2730K, capacity 2796K, committed 2816K, reserved 1048576K
Event: 6.007 GC heap after
Heap after GC invocations=2 (full 0):
 PSYoungGen      total 38400K, used 5106K [0x00000000f0000000, 0x00000000f2a80000, 0x0000000100000000)
  eden space 33280K, 0% used [0x00000000f0000000,0x00000000f0000000,0x00000000f2080000)
  from space 5120K, 99% used [0x00000000f2580000,0x00000000f2a7c920,0x00000000f2a80000)
  to   space 5120K, 0% used [0x00000000f2080000,0x00000000f2080000,0x00000000f2580000)
 ParOldGen       total 87552K, used 3348K [0x00000000d0000000, 0x00000000d5580000, 0x00000000f0000000)
  object space 87552K, 3% used [0x00000000d0000000,0x00000000d03453f0,0x00000000d5580000)
 Metaspace       used 16165K, capacity 16464K, committed 16640K, reserved 1062912K
  class space    used 2730K, capacity 2796K, committed 2816K, reserved 1048576K
}
Event: 6.856 GC heap before
{Heap before GC invocations=3 (full 0):
 PSYoungGen      total 38400K, used 22864K [0x00000000f0000000, 0x00000000f2a80000, 0x0000000100000000)
  eden space 33280K, 53% used [0x00000000f0000000,0x00000000f11577e0,0x00000000f2080000)
  from space 5120K, 99% used [0x00000000f2580000,0x00000000f2a7c920,0x00000000f2a80000)
  to   space 5120K, 0% used [0x00000000f2080000,0x00000000f2080000,0x00000000f2580000)
 ParOldGen       total 87552K, used 3348K [0x00000000d0000000, 0x00000000d5580000, 0x00000000f0000000)
  object space 87552K, 3% used [0x00000000d0000000,0x00000000d03453f0,0x00000000d5580000)
 Metaspace       used 20847K, capacity 21168K, committed 21296K, reserved 1067008K
  class space    used 3579K, capacity 3660K, committed 3712K, reserved 1048576K
Event: 6.873 GC heap after
Heap after GC invocations=3 (full 0):
 PSYoungGen      total 38400K, used 5093K [0x00000000f0000000, 0x00000000f2a80000, 0x0000000100000000)
  eden space 33280K, 0% used [0x00000000f0000000,0x00000000f0000000,0x00000000f2080000)
  from space 5120K, 99% used [0x00000000f2080000,0x00000000f25794b8,0x00000000f2580000)
  to   space 5120K, 0% used [0x00000000f2580000,0x00000000f2580000,0x00000000f2a80000)
 ParOldGen       total 87552K, used 4959K [0x00000000d0000000, 0x00000000d5580000, 0x00000000f0000000)
  object space 87552K, 5% used [0x00000000d0000000,0x00000000d04d7c88,0x00000000d5580000)
 Metaspace       used 20847K, capacity 21168K, committed 21296K, reserved 1067008K
  class space    used 3579K, capacity 3660K, committed 3712K, reserved 1048576K
}
Event: 6.873 GC heap before
{Heap before GC invocations=4 (full 1):
 PSYoungGen      total 38400K, used 5093K [0x00000000f0000000, 0x00000000f2a80000, 0x0000000100000000)
  eden space 33280K, 0% used [0x00000000f0000000,0x00000000f0000000,0x00000000f2080000)
  from space 5120K, 99% used [0x00000000f2080000,0x00000000f25794b8,0x00000000f2580000)
  to   space 5120K, 0% used [0x00000000f2580000,0x00000000f2580000,0x00000000f2a80000)
 ParOldGen       total 87552K, used 4959K [0x00000000d0000000, 0x00000000d5580000, 0x00000000f0000000)
  object space 87552K, 5% used [0x00000000d0000000,0x00000000d04d7c88,0x00000000d5580000)
 Metaspace       used 20847K, capacity 21168K, committed 21296K, reserved 1067008K
  class space    used 3579K, capacity 3660K, committed 3712K, reserved 1048576K
Event: 6.916 GC heap after
Heap after GC invocations=4 (full 1):
 PSYoungGen      total 38400K, used 0K [0x00000000f0000000, 0x00000000f2a80000, 0x0000000100000000)
  eden space 33280K, 0% used [0x00000000f0000000,0x00000000f0000000,0x00000000f2080000)
  from space 5120K, 0% used [0x00000000f2080000,0x00000000f2080000,0x00000000f2580000)
  to   space 5120K, 0% used [0x00000000f2580000,0x00000000f2580000,0x00000000f2a80000)
 ParOldGen       total 55296K, used 6471K [0x00000000d0000000, 0x00000000d3600000, 0x00000000f0000000)
  object space 55296K, 11% used [0x00000000d0000000,0x00000000d0651e60,0x00000000d3600000)
 Metaspace       used 20847K, capacity 21168K, committed 21296K, reserved 1067008K
  class space    used 3579K, capacity 3660K, committed 3712K, reserved 1048576K
}
Event: 9.019 GC heap before
{Heap before GC invocations=5 (full 1):
 PSYoungGen      total 38400K, used 33264K [0x00000000f0000000, 0x00000000f2a80000, 0x0000000100000000)
  eden space 33280K, 99% used [0x00000000f0000000,0x00000000f207c260,0x00000000f2080000)
  from space 5120K, 0% used [0x00000000f2080000,0x00000000f2080000,0x00000000f2580000)
  to   space 5120K, 0% used [0x00000000f2580000,0x00000000f2580000,0x00000000f2a80000)
 ParOldGen       total 55296K, used 6471K [0x00000000d0000000, 0x00000000d3600000, 0x00000000f0000000)
  object space 55296K, 11% used [0x00000000d0000000,0x00000000d0651e60,0x00000000d3600000)
 Metaspace       used 25159K, capacity 25500K, committed 25728K, reserved 1071104K
  class space    used 4361K, capacity 4462K, committed 4480K, reserved 1048576K
Event: 9.055 GC heap after
Heap after GC invocations=5 (full 1):
 PSYoungGen      total 38400K, used 5090K [0x00000000f0000000, 0x00000000f3f80000, 0x0000000100000000)
  eden space 33280K, 0% used [0x00000000f0000000,0x00000000f0000000,0x00000000f2080000)
  from space 5120K, 99% used [0x00000000f2580000,0x00000000f2a78848,0x00000000f2a80000)
  to   space 5120K, 0% used [0x00000000f2080000,0x00000000f2080000,0x00000000f2580000)
 ParOldGen       total 55296K, used 7550K [0x00000000d0000000, 0x00000000d3600000, 0x00000000f0000000)
  object space 55296K, 13% used [0x00000000d0000000,0x00000000d075fac8,0x00000000d3600000)
 Metaspace       used 25159K, capacity 25500K, committed 25728K, reserved 1071104K
  class space    used 4361K, capacity 4462K, committed 4480K, reserved 1048576K
}
Event: 10.625 GC heap before
{Heap before GC invocations=6 (full 1):
 PSYoungGen      total 38400K, used 38370K [0x00000000f0000000, 0x00000000f3f80000, 0x0000000100000000)
  eden space 33280K, 100% used [0x00000000f0000000,0x00000000f2080000,0x00000000f2080000)
  from space 5120K, 99% used [0x00000000f2580000,0x00000000f2a78848,0x00000000f2a80000)
  to   space 5120K, 0% used [0x00000000f2080000,0x00000000f2080000,0x00000000f2580000)
 ParOldGen       total 55296K, used 7550K [0x00000000d0000000, 0x00000000d3600000, 0x00000000f0000000)
  object space 55296K, 13% used [0x00000000d0000000,0x00000000d075fac8,0x00000000d3600000)
 Metaspace       used 30968K, capacity 31366K, committed 31488K, reserved 1075200K
  class space    used 5266K, capacity 5372K, committed 5376K, reserved 1048576K
Event: 10.636 GC heap after
Heap after GC invocations=6 (full 1):
 PSYoungGen      total 38400K, used 5116K [0x00000000f0000000, 0x00000000f4280000, 0x0000000100000000)
  eden space 33280K, 0% used [0x00000000f0000000,0x00000000f0000000,0x00000000f2080000)
  from space 5120K, 99% used [0x00000000f2080000,0x00000000f257f268,0x00000000f2580000)
  to   space 7168K, 0% used [0x00000000f3b80000,0x00000000f3b80000,0x00000000f4280000)
 ParOldGen       total 55296K, used 9124K [0x00000000d0000000, 0x00000000d3600000, 0x00000000f0000000)
  object space 55296K, 16% used [0x00000000d0000000,0x00000000d08e9378,0x00000000d3600000)
 Metaspace       used 30968K, capacity 31366K, committed 31488K, reserved 1075200K
  class space    used 5266K, capacity 5372K, committed 5376K, reserved 1048576K
}

